http://media.plm.automation.siemens.com/pt_br/velocity/teamcenter_express/2010DG_PM_Seminar_AVI_02_640x480.flv
http://media.plm.automation.siemens.com/pt_br/velocity/se/MigrateDimensions.flv
http://media.plm.automation.siemens.com/pt_br/velocity/se/st4/Expanded-Collaboration-JT.flv
http://media.plm.automation.siemens.com/pt_br/velocity/se/st4/Simulation-For-Sheet-Metal-Designers.flv
http://media.plm.automation.siemens.com/pt_br/velocity/se/st4/World-Class-Drafting.flv
http://media.plm.automation.siemens.com/pt_br/velocity/se/st4/Advanced-Machine-Design-Modeling.flv
http://media.plm.automation.siemens.com/pt_br/velocity/se/Solid_Edge_Synchronous_Technology_2_Simulation_com_som.flv
http://media.plm.automation.siemens.com/pt_br/velocity/se/2D_SectionEditing.flv
http://media.plm.automation.siemens.com/pt_br/velocity/se/st3/Solid-Edge-ST3-SimulationUpdates-Demo.flv
http://media.plm.automation.siemens.com/pt_br/velocity/se/st3/Solid-Edge-ST3-Data-Migration-Demo.flv
http://media.plm.automation.siemens.com/pt_br/velocity/se/st3/Solid-Edge-ST3-Insight-on-SharePoint2010-Demo.flv
http://media.plm.automation.siemens.com/pt_br/velocity/se/st3/Solid-Edge-ST3-ST-Ordered-Design-Demo.flv
http://media.plm.automation.siemens.com/pt_br/velocity/se/st3/SEST3_SPLMLow.flv
http://media.plm.automation.siemens.com/pt_br/velocity/se/st3/Solid-Edge-ST3-SEEC-top-down-assembly-design-Demo.flv
http://media.plm.automation.siemens.com/pt_br/velocity/se/st3/Solid-Edge-ST3-Assembly-Design-Demo.flv
http://media.plm.automation.siemens.com/pt_br/velocity/se/Edicao de Sheetmetal Independente.flv
http://media.plm.automation.siemens.com/pt_br/velocity/se/Create-SheetmetalModeling.flv
http://media.plm.automation.siemens.com/pt_br/velocity/se/Pecas_Calandradas.flv
http://media.plm.automation.siemens.com/pt_br/velocity/se/SE-DG-2010F-power-of-3D_WEB_512x288.flv
http://media.plm.automation.siemens.com/pt_br/velocity/se/SEST4-512x288.flv
http://media.plm.automation.siemens.com/pt_br/velocity/se/Edicao no Solid Edge Simulation.flv
http://media.plm.automation.siemens.com/pt_br/velocity/se/ProceduralFeatures.flv
http://media.plm.automation.siemens.com/pt_br/velocity/se/SE-PowerOf3D_768K.flv
http://media.plm.automation.siemens.com/pt_br/velocity/se/Reuso de Chapas Importadas.flv
http://media.plm.automation.siemens.com/pt_br/velocity/se/Solid Edge Simulation.flv
http://media.plm.automation.siemens.com/pt_br/velocity/femap/Transition2Femap.flv
http://media.plm.automation.siemens.com/pt_br/aw/AW2012-pt_br_360p.flv
http://media.plm.automation.siemens.com/pt_br/success/SIE_Minco.flv
http://media.plm.automation.siemens.com/pt_br/success/EBZ_English.flv
http://media.plm.automation.siemens.com/pt_br/success/AMT_interview_master6.flv
http://media.plm.automation.siemens.com/pt_br/success/amt_project.flv
http://media.plm.automation.siemens.com/pt_br/success/SIE_Adams_lg.flv
http://media.plm.automation.siemens.com/pt_br/success/ICARUS.flv
http://media.plm.automation.siemens.com/pt_br/success/DaherAerospace853.flv
http://media.plm.automation.siemens.com/pt_br/success/AMT_SPLM_VC_video_final.flv
http://media.plm.automation.siemens.com/pt_br/success/SIE_Mercury_Overview.flv
http://media.plm.automation.siemens.com/pt_br/success/R4T1A2_BD_NX_adv_sim.flv
http://media.plm.automation.siemens.com/pt_br/success/ATK_Apps_2.flv
http://media.plm.automation.siemens.com/pt_br/blog/sest2/02_partassembly_C01.flv
http://media.plm.automation.siemens.com/pt_br/blog/sest2/summit.flv
http://media.plm.automation.siemens.com/pt_br/blog/sest2/razor.flv
http://media.plm.automation.siemens.com/pt_br/blog/sest2/04_simulation_C01.flv
http://media.plm.automation.siemens.com/pt_br/blog/sest2/03_sheetmetal_C01.flv
http://media.plm.automation.siemens.com/pt_br/blog/sest2/sest_overview.flv
http://media.plm.automation.siemens.com/pt_br/blog/sest2/03_sheetmetal_C02.flv
http://media.plm.automation.siemens.com/pt_br/blog/sest2/05_elaunch_04.flv
http://media.plm.automation.siemens.com/pt_br/blog/sest2/01_elaunch.flv
http://media.plm.automation.siemens.com/pt_br/blog/sest2/02_partassembly_C03.flv
http://media.plm.automation.siemens.com/pt_br/blog/sest2/03_sheetmetal_C03.flv
http://media.plm.automation.siemens.com/pt_br/blog/sest2/04_simulation_C02.flv
http://media.plm.automation.siemens.com/pt_br/blog/sest2/02_partassembly_C02.flv
http://media.plm.automation.siemens.com/pt_br/open/geolus/GeolusNXDemo.flv
http://media.plm.automation.siemens.com/pt_br/hdplm/SIE_IDC_Analyst-1.flv
http://media.plm.automation.siemens.com/pt_br/answers/smb/SE-4-AssemblyDesignRefinement_Final_OD_640x480_FLV.flv
http://media.plm.automation.siemens.com/pt_br/answers/smb/SE-2-Edit_3D_like_2D_Final_OD_640x480_FLV.flv
http://media.plm.automation.siemens.com/pt_br/answers/smb/SchattiAG.flv
http://media.plm.automation.siemens.com/pt_br/answers/smb/FE-3-Frequency_Final_OD_640x480_FLV.flv
http://media.plm.automation.siemens.com/pt_br/answers/smb/VE-1-Responsiveness_Intro_Aberdeen_Final_OD_640x480.flv
http://media.plm.automation.siemens.com/pt_br/answers/smb/CE-4-MFM _Final_OD_640x480_FLV.flv
http://media.plm.automation.siemens.com/pt_br/answers/smb/CE-1-5x_Final_OD_640x480_FLV.flv
http://media.plm.automation.siemens.com/pt_br/answers/smb/FE-1-Assembly_Final_OD_FLV_640x480.flv
http://media.plm.automation.siemens.com/pt_br/answers/smb/VE-2-Responsiveness_Intro_Velocity_final_OD_640x480_FLV.flv
http://media.plm.automation.siemens.com/pt_br/answers/smb/SE-3-Hybrid-2D-3D_AssemblyDesign_Final_OD_640x480_FLV.flv
http://media.plm.automation.siemens.com/pt_br/answers/smb/SE-7-DataSharing_Final_OD_640x480_FLV.flv
http://media.plm.automation.siemens.com/pt_br/answers/smb/TcX-4-MultiCAD_Final_OD_640x480_FLV.flv
http://media.plm.automation.siemens.com/pt_br/answers/smb/SE-5-EditFilesNoMatterWhereTheyCameFrom_Final_OD_640x480_FLV.flv
http://media.plm.automation.siemens.com/pt_br/answers/smb/SE-1-Migrate_from_2D_to_3D_Final_OD_640x480_FLV.flv
http://media.plm.automation.siemens.com/pt_br/answers/smb/CE-3-HSM_Final_OD_640x480_FLV.flv
http://media.plm.automation.siemens.com/pt_br/answers/smb/TcX-5-Project_schedulng_Final_OD_640x480_FLV.flv
http://media.plm.automation.siemens.com/pt_br/answers/smb/SE-6-ECO_Workflow_Final_OD_640x480_FLV.flv
http://media.plm.automation.siemens.com/pt_br/answers/smb/FE-2-Modeling_Final_OD_640x480_FLV.flv
http://media.plm.automation.siemens.com/pt_br/answers/smb/TcX-3-Collaboration_Final_OD_640x480_FLV.flv
http://media.plm.automation.siemens.com/pt_br/answers/smb/TcX-2-EverydayTasks_Final_OD_640x480_FLV.flv
http://media.plm.automation.siemens.com/pt_br/answers/smb/CE-2-DataFlexibility_Final_OD_640x480_FLV.flv
http://media.plm.automation.siemens.com/pt_br/answers/smb/TcX-1-SingleSource_Final_OD_HQ_640x480.flv
http://media.plm.automation.siemens.com/pt_br/answers/mle/PartMfg_OnDemand_Preso-chIntro.flv
http://media.plm.automation.siemens.com/pt_br/answers/mle/cPDM_OnDemand_Preso-ch2.flv
http://media.plm.automation.siemens.com/pt_br/answers/mle/Mack_Case_Study_Video-Final.flv
http://media.plm.automation.siemens.com/pt_br/answers/mle/Visteon_Case_Study_Video-Final.flv
http://media.plm.automation.siemens.com/pt_br/answers/mle/Design_OnDemand_Preso-ch1.flv
http://media.plm.automation.siemens.com/pt_br/answers/mle/PD_Learn_Free_Asset-Final.flv
http://media.plm.automation.siemens.com/pt_br/answers/mle/Waltonen_Case_Study_Video-Final.flv
http://media.plm.automation.siemens.com/pt_br/answers/mle/PartMfg_OnDemand_Preso-ch3.flv
http://media.plm.automation.siemens.com/pt_br/answers/mle/Simulation_OnDemand_Preso-ch3.flv
http://media.plm.automation.siemens.com/pt_br/answers/mle/GenAssy_OnDemand_Preso-ch1.flv
http://media.plm.automation.siemens.com/pt_br/answers/mle/Needs_Free_Asset-OMarah_Trailer-Final.flv
http://media.plm.automation.siemens.com/pt_br/answers/mle/Autocar_Video_Case_Study-Final.flv
http://media.plm.automation.siemens.com/pt_br/answers/mle/cPDM_OnDemand_Preso-ch3.flv
http://media.plm.automation.siemens.com/pt_br/answers/mle/GenAssy_Free_Asset-Final.flv
http://media.plm.automation.siemens.com/pt_br/answers/mle/Design_Free_Asset-Final.flv
http://media.plm.automation.siemens.com/pt_br/answers/mle/Simulation_OnDemand_Preso-ch2.flv
http://media.plm.automation.siemens.com/pt_br/answers/mle/PartMfg_OnDemand_Preso-ch2.flv
http://media.plm.automation.siemens.com/pt_br/answers/mle/AMT_Case_Study_Video-Final.flv
http://media.plm.automation.siemens.com/pt_br/answers/mle/Simulation_OnDemand_Preso-ch1.flv
http://media.plm.automation.siemens.com/pt_br/answers/mle/GenAssy_OnDemand_Preso-ch4.flv
http://media.plm.automation.siemens.com/pt_br/answers/mle/GenAssy_OnDemand_Preso-ch3.flv
http://media.plm.automation.siemens.com/pt_br/answers/mle/PartMfg_OnDemand_Preso-ch1.flv
http://media.plm.automation.siemens.com/pt_br/answers/mle/Mfg_Learn_Free_Asset-Final.flv
http://media.plm.automation.siemens.com/pt_br/answers/mle/Need_Global_Challenges-Final.flv
http://media.plm.automation.siemens.com/pt_br/answers/mle/GenAssy_OnDemand_Preso-chIntro.flv
http://media.plm.automation.siemens.com/pt_br/answers/mle/Design_OnDemand_Preso-ch4.flv
http://media.plm.automation.siemens.com/pt_br/answers/mle/Design_OnDemand_Preso-ch3.flv
http://media.plm.automation.siemens.com/pt_br/answers/mle/cPDM_Free_Asset-Final.flv
http://media.plm.automation.siemens.com/pt_br/answers/mle/INDEX_Customer_Case_Study-Final.flv
http://media.plm.automation.siemens.com/pt_br/answers/mle/PartMfg_Free_Asset-Final.flv
http://media.plm.automation.siemens.com/pt_br/answers/mle/BD_TC_Case_Study_Video-Final.flv
http://media.plm.automation.siemens.com/pt_br/answers/mle/PilatusSiemens_Video_Case_Study-Final.flv
http://media.plm.automation.siemens.com/pt_br/answers/mle/Simulation_Free_Asset-Final.flv
http://media.plm.automation.siemens.com/pt_br/answers/mle/cPDM_OnDemand_Preso-chIntro.flv
http://media.plm.automation.siemens.com/pt_br/answers/mle/GenAssy_OnDemand_Preso-ch2.flv
http://media.plm.automation.siemens.com/pt_br/answers/mle/BSH_Case_Study_Video-Final.flv
http://media.plm.automation.siemens.com/pt_br/answers/mle/Design_OnDemand_Preso-chIntro.flv
http://media.plm.automation.siemens.com/pt_br/answers/mle/Simulation_OnDemand_Preso-chIntro.flv
http://media.plm.automation.siemens.com/pt_br/answers/mle/cPDM_OnDemand_Preso-ch1.flv
http://media.plm.automation.siemens.com/pt_br/answers/mle/Design_OnDemand_Preso-ch2.flv
http://media.plm.automation.siemens.com/pt_br/teamcenter/R2T5N4_CATIA-Demo.flv
http://media.plm.automation.siemens.com/pt_br/teamcenter/14_CC_EN.flv
http://media.plm.automation.siemens.com/pt_br/teamcenter/R2T4N1_IPEM_demo-Final.flv
http://media.plm.automation.siemens.com/pt_br/teamcenter/2_PPM_comp_QT_BR.flv
http://media.plm.automation.siemens.com/pt_br/teamcenter/tc8_interactive/videos/8_SRM_EN.flv
http://media.plm.automation.siemens.com/pt_br/teamcenter/tc8_interactive/videos/14_CC_EN.flv
http://media.plm.automation.siemens.com/pt_br/teamcenter/tc8_interactive/videos/0_OV_EN.flv
http://media.plm.automation.siemens.com/pt_br/teamcenter/tc8_interactive/videos/TC8_Benefit_1.flv
http://media.plm.automation.siemens.com/pt_br/teamcenter/tc8_interactive/videos/9_MPM_EN.flv
http://media.plm.automation.siemens.com/pt_br/teamcenter/tc8_interactive/videos/16_PES_EN.flv
http://media.plm.automation.siemens.com/pt_br/teamcenter/tc8_interactive/videos/4_BOM_EN.flv
http://media.plm.automation.siemens.com/pt_br/teamcenter/tc8_interactive/videos/10_MPM_EN.flv
http://media.plm.automation.siemens.com/pt_br/teamcenter/tc8_interactive/videos/13_RA_EN.flv
http://media.plm.automation.siemens.com/pt_br/teamcenter/tc8_interactive/videos/1_SER_EN.flv
http://media.plm.automation.siemens.com/pt_br/teamcenter/tc8_interactive/videos/17_EKF_EN.flv
http://media.plm.automation.siemens.com/pt_br/teamcenter/tc8_interactive/videos/15_LV_EN.flv
http://media.plm.automation.siemens.com/pt_br/teamcenter/tc8_interactive/videos/7_FPM_EN.flv
http://media.plm.automation.siemens.com/pt_br/teamcenter/tc8_interactive/videos/1_SERM_EN.flv
http://media.plm.automation.siemens.com/pt_br/teamcenter/tc8_interactive/videos/11_SPM_EN.flv
http://media.plm.automation.siemens.com/pt_br/teamcenter/tc8_interactive/videos/2_PPM_EN.flv
http://media.plm.automation.siemens.com/pt_br/teamcenter/tc8_interactive/videos/3_EPM_EN.flv
http://media.plm.automation.siemens.com/pt_br/teamcenter/tc8_interactive/videos/5_CM_EN.flv
http://media.plm.automation.siemens.com/pt_br/teamcenter/tc8_interactive/videos/12_MRO_EN.flv
http://media.plm.automation.siemens.com/pt_br/teamcenter/tc8_interactive/videos/6_CDM_EN.flv
http://media.plm.automation.siemens.com/pt_br/teamcenter/16_PES_comp_QT_BR.flv
http://media.plm.automation.siemens.com/pt_br/teamcenter/9_MPM_comp_QT_BR.flv
http://media.plm.automation.siemens.com/pt_br/teamcenter/10_MPM_comp_QT_BR.flv
http://media.plm.automation.siemens.com/pt_br/teamcenter/17_EKF_comp_QT_BR.flv
http://media.plm.automation.siemens.com/pt_br/teamcenter/3_EPM_comp_QT_BR.flv
http://media.plm.automation.siemens.com/pt_br/teamcenter/mobility/Mobility-Launch-Demo.flv
http://media.plm.automation.siemens.com/pt_br/teamcenter/4_BOM_comp_QT_BR.flv
http://media.plm.automation.siemens.com/pt_br/teamcenter/13_RA_EN.flv
http://media.plm.automation.siemens.com/pt_br/teamcenter/1_SER_EN.flv
http://media.plm.automation.siemens.com/pt_br/teamcenter/R2T2A1_InstantCollabVideo-26Oct09.flv
http://media.plm.automation.siemens.com/pt_br/teamcenter/Getting_Started_PDM.flv
http://media.plm.automation.siemens.com/pt_br/teamcenter/12_MRO_comp_QT_BR.flv
http://media.plm.automation.siemens.com/pt_br/teamcenter/6_CDM_comp_QT_BR.flv
http://media.plm.automation.siemens.com/pt_br/teamcenter/14_CC_comp_QT_BR.flv
http://media.plm.automation.siemens.com/pt_br/teamcenter/8_SRM_comp_QT_BR.flv
http://media.plm.automation.siemens.com/pt_br/teamcenter/R2T3N1_Multi-CAD-SW-ECAD.flv
http://media.plm.automation.siemens.com/pt_br/teamcenter/15_LV_comp_QT_BR.flv
http://media.plm.automation.siemens.com/pt_br/teamcenter/R2T3A1_MgmtProductComplexity.flv
http://media.plm.automation.siemens.com/pt_br/teamcenter/ATK_Overview_3_PTB.flv
http://media.plm.automation.siemens.com/pt_br/teamcenter/5_CM_comp_QT_BR.flv
http://media.plm.automation.siemens.com/pt_br/teamcenter/R2T2N3_Social_Networks-03Nov09.flv
http://media.plm.automation.siemens.com/pt_br/teamcenter/11_SPM_comp_QT_BR.flv
http://media.plm.automation.siemens.com/pt_br/teamcenter/2_PPM_EN.flv
http://media.plm.automation.siemens.com/pt_br/teamcenter/1_SERM_comp_QT_BR.flv
http://media.plm.automation.siemens.com/pt_br/teamcenter/TC8-Evo_PTB.flv
http://media.plm.automation.siemens.com/pt_br/teamcenter/13_RA_comp_QT_BR.flv
http://media.plm.automation.siemens.com/pt_br/teamcenter/TC8_Apps_PTB.flv
http://media.plm.automation.siemens.com/pt_br/teamcenter/R2T5N1_SolidWorks-Demo.flv
http://media.plm.automation.siemens.com/pt_br/teamcenter/7_FPM_comp_QT_BR.flv
http://media.plm.automation.siemens.com/pt_br/nx/R4T5N3-NX7_Integrated_Analysis_Test_Correlation-800x600.flv
http://media.plm.automation.siemens.com/pt_br/nx/Sinumerik.flv
http://media.plm.automation.siemens.com/pt_br/nx/R3T3A1_Component_Group.flv
http://media.plm.automation.siemens.com/pt_br/nx/R3T6N1_PTS_Bucket_Assembly_Three_Minute.flv
http://media.plm.automation.siemens.com/pt_br/nx/R3T4N4_webinarLrgAssemblies.flv
http://media.plm.automation.siemens.com/pt_br/nx/R3T3N2_Supplier_plus.flv
http://media.plm.automation.siemens.com/pt_br/nx/R3T3N5_DesignAccelCapabilitiesOverview.flv
http://media.plm.automation.siemens.com/pt_br/nx/R3T3N4_SynchTechdemo.flv
http://media.plm.automation.siemens.com/pt_br/nx/R4T2N1_MD_Analysis.flv
http://media.plm.automation.siemens.com/pt_br/nx/nx8/nx-for-simulation-pt-br_360p.flv
http://media.plm.automation.siemens.com/pt_br/nx/nx8/nx-for-manufacturing-pt-br_360p.flv
http://media.plm.automation.siemens.com/pt_br/nx/nx8/NX_CAM_for_machinery-Web_Demo_Video.flv
http://media.plm.automation.siemens.com/pt_br/nx/nx8/nx-8-overview-pt-br_360p.flv
http://media.plm.automation.siemens.com/pt_br/nx/R3T5N1_presentation.flv
http://media.plm.automation.siemens.com/pt_br/nx/R5T6N2-Web_Demo_Turbo_voice.flv
http://media.plm.automation.siemens.com/pt_br/nx/R3T3N7_Draftingplus_Webinar.flv
http://media.plm.automation.siemens.com/pt_br/nx/R3T4N1_HD3D_DemoIssues.flv
http://media.plm.automation.siemens.com/pt_br/nx/R3T6A1_PTS_seven_minute_demo.flv
http://media.plm.automation.siemens.com/pt_br/nx/R3T4N5_webinarSTintro.flv
http://media.plm.automation.siemens.com/pt_br/nx/R4T5N2-NX7_Multiphysics_Solutions-800x600.flv
http://media.plm.automation.siemens.com/pt_br/nx/R3T6N2_PTS_Torque_Arm_Three_Minute.flv
http://media.plm.automation.siemens.com/pt_br/nx/R5T6N5-Web_Demo_CMM_voice.flv
http://media.plm.automation.siemens.com/pt_br/nx/R4T5N1-NX7_Integrated_Design_CAE-800x600.flv
http://media.plm.automation.siemens.com/pt_br/nx/R3T3N8_DraftingPlus_Demo.flv
http://media.plm.automation.siemens.com/pt_br/nx/NX7/NX_7.flv
http://media.plm.automation.siemens.com/pt_br/nx/NX7/HD3D-Brazil.flv
http://media.plm.automation.siemens.com/pt_br/nx/R5T8A1-NX_Prog_Die_Demo.flv
http://media.plm.automation.siemens.com/pt_br/nx/R5T5N2_NX-CAM-Gcode-Sim.flv
http://media.plm.automation.siemens.com/pt_br/nx/R3T3N1_lastmodified.flv
http://media.plm.automation.siemens.com/pt_br/nx/nx75/nx75-pt_br_SPLM1428.flv
http://media.plm.automation.siemens.com/pt_br/nx/nx75/nx75-ff-pt_br_SPLM828.flv
http://media.plm.automation.siemens.com/pt_br/nx/nx75/nx75-pt_br_SPLM828.flv
